# JRE version: OpenJDK Runtime Environment Temurin-21.0.6+7 (21.0.6+7) (build 21.0.6+7-LTS)
# Java VM: OpenJDK 64-Bit Server VM Temurin-21.0.6+7 (21.0.6+7-LTS, mixed mode, sharing, tiered, compressed oops, compressed class ptrs, g1 gc, windows-amd64)
GC Precious Log:
 CardTable entry size: 512
 Card Set container configuration: InlinePtr #cards 5 size 8 Array Of Cards #cards 12 size 40 Howl #buckets 4 coarsen threshold 1843 Howl Bitmap #cards 512 size 80 coarsen threshold 460 Card regions per heap region 1 cards per card region 2048
 CPUs: 8 total, 8 available
 Memory: 7876M
 Large Page Support: Disabled
 NUMA Support: Disabled
 Compressed Oops: Enabled (32-bit)
 Heap Region Size: 1M
 Heap Min Capacity: 8M
 Heap Initial Capacity: 124M
 Heap Max Capacity: 2G
 Pre-touch: Disabled
 Parallel Workers: 8
 Concurrent Workers: 2
 Concurrent Refinement Workers: 8
 Periodic GC: Disabled
Heap:
 garbage-first heap   total 321536K, used 207108K [0x0000000080000000, 0x0000000100000000)
  region size 1024K, 5 young (5120K), 5 survivors (5120K)
 Metaspace       used 133359K, committed 135616K, reserved 1179648K
  class space    used 18629K, committed 19712K, reserved 1048576K
GC Heap History (20 events):
Event: 49.396 GC heap after
{Heap after GC invocations=49 (full 0):
 garbage-first heap   total 267264K, used 126488K [0x0000000080000000, 0x0000000100000000)
  region size 1024K, 9 young (9216K), 9 survivors (9216K)
 Metaspace       used 113383K, committed 115584K, reserved 1179648K
  class space    used 15439K, committed 16512K, reserved 1048576K
}
Event: 51.310 GC heap before
{Heap before GC invocations=49 (full 0):
 garbage-first heap   total 267264K, used 242200K [0x0000000080000000, 0x0000000100000000)
  region size 1024K, 123 young (125952K), 9 survivors (9216K)
 Metaspace       used 123199K, committed 125504K, reserved 1179648K
  class space    used 17049K, committed 18176K, reserved 1048576K
}
Event: 51.330 GC heap after
{Heap after GC invocations=50 (full 0):
 garbage-first heap   total 267264K, used 138175K [0x0000000080000000, 0x0000000100000000)
  region size 1024K, 16 young (16384K), 16 survivors (16384K)
 Metaspace       used 123199K, committed 125504K, reserved 1179648K
  class space    used 17049K, committed 18176K, reserved 1048576K
}
Event: 52.133 GC heap before
{Heap before GC invocations=51 (full 0):
 garbage-first heap   total 267264K, used 235455K [0x0000000080000000, 0x0000000100000000)
  region size 1024K, 112 young (114688K), 16 survivors (16384K)
 Metaspace       used 128463K, committed 130752K, reserved 1179648K
  class space    used 17957K, committed 19072K, reserved 1048576K
}
Event: 52.150 GC heap after
{Heap after GC invocations=52 (full 0):
 garbage-first heap   total 267264K, used 143169K [0x0000000080000000, 0x0000000100000000)
  region size 1024K, 7 young (7168K), 7 survivors (7168K)
 Metaspace       used 128463K, committed 130752K, reserved 1179648K
  class space    used 17957K, committed 19072K, reserved 1048576K
}
Event: 52.755 GC heap before
{Heap before GC invocations=52 (full 0):
 garbage-first heap   total 267264K, used 243521K [0x0000000080000000, 0x0000000100000000)
  region size 1024K, 107 young (109568K), 7 survivors (7168K)
 Metaspace       used 131936K, committed 134208K, reserved 1179648K
  class space    used 18470K, committed 19584K, reserved 1048576K
}
Event: 52.768 GC heap after
{Heap after GC invocations=53 (full 0):
 garbage-first heap   total 267264K, used 146955K [0x0000000080000000, 0x0000000100000000)
  region size 1024K, 10 young (10240K), 10 survivors (10240K)
 Metaspace       used 131936K, committed 134208K, reserved 1179648K
  class space    used 18470K, committed 19584K, reserved 1048576K
}
Event: 53.126 GC heap before
{Heap before GC invocations=53 (full 0):
 garbage-first heap   total 267264K, used 241163K [0x0000000080000000, 0x0000000100000000)
  region size 1024K, 103 young (105472K), 10 survivors (10240K)
 Metaspace       used 132257K, committed 134528K, reserved 1179648K
  class space    used 18495K, committed 19584K, reserved 1048576K
}
Event: 53.157 GC heap after
{Heap after GC invocations=54 (full 0):
 garbage-first heap   total 321536K, used 156397K [0x0000000080000000, 0x0000000100000000)
  region size 1024K, 13 young (13312K), 13 survivors (13312K)
 Metaspace       used 132257K, committed 134528K, reserved 1179648K
  class space    used 18495K, committed 19584K, reserved 1048576K
}
Event: 54.137 GC heap before
{Heap before GC invocations=55 (full 0):
 garbage-first heap   total 321536K, used 289517K [0x0000000080000000, 0x0000000100000000)
  region size 1024K, 143 young (146432K), 13 survivors (13312K)
 Metaspace       used 132918K, committed 135168K, reserved 1179648K
  class space    used 18585K, committed 19712K, reserved 1048576K
}
Event: 54.159 GC heap after
{Heap after GC invocations=56 (full 0):
 garbage-first heap   total 321536K, used 168660K [0x0000000080000000, 0x0000000100000000)
  region size 1024K, 14 young (14336K), 14 survivors (14336K)
 Metaspace       used 132918K, committed 135168K, reserved 1179648K
  class space    used 18585K, committed 19712K, reserved 1048576K
}
Event: 54.870 GC heap before
{Heap before GC invocations=56 (full 0):
 garbage-first heap   total 321536K, used 288468K [0x0000000080000000, 0x0000000100000000)
  region size 1024K, 132 young (135168K), 14 survivors (14336K)
 Metaspace       used 133157K, committed 135360K, reserved 1179648K
  class space    used 18609K, committed 19712K, reserved 1048576K
}
Event: 54.888 GC heap after
{Heap after GC invocations=57 (full 0):
 garbage-first heap   total 321536K, used 173003K [0x0000000080000000, 0x0000000100000000)
  region size 1024K, 10 young (10240K), 10 survivors (10240K)
 Metaspace       used 133157K, committed 135360K, reserved 1179648K
  class space    used 18609K, committed 19712K, reserved 1048576K
}
Event: 55.502 GC heap before
{Heap before GC invocations=57 (full 0):
 garbage-first heap   total 321536K, used 290763K [0x0000000080000000, 0x0000000100000000)
  region size 1024K, 126 young (129024K), 10 survivors (10240K)
 Metaspace       used 133253K, committed 135488K, reserved 1179648K
  class space    used 18616K, committed 19712K, reserved 1048576K
}
Event: 55.518 GC heap after
{Heap after GC invocations=58 (full 0):
 garbage-first heap   total 321536K, used 188416K [0x0000000080000000, 0x0000000100000000)
  region size 1024K, 16 young (16384K), 16 survivors (16384K)
 Metaspace       used 133253K, committed 135488K, reserved 1179648K
  class space    used 18616K, committed 19712K, reserved 1048576K
}
Event: 55.944 GC heap before
{Heap before GC invocations=58 (full 0):
 garbage-first heap   total 321536K, used 286720K [0x0000000080000000, 0x0000000100000000)
  region size 1024K, 113 young (115712K), 16 survivors (16384K)
 Metaspace       used 133262K, committed 135552K, reserved 1179648K
  class space    used 18610K, committed 19712K, reserved 1048576K
}
Event: 55.963 GC heap after
{Heap after GC invocations=59 (full 0):
 garbage-first heap   total 321536K, used 196588K [0x0000000080000000, 0x0000000100000000)
  region size 1024K, 12 young (12288K), 12 survivors (12288K)
 Metaspace       used 133262K, committed 135552K, reserved 1179648K
  class space    used 18610K, committed 19712K, reserved 1048576K
}
Event: 56.260 GC heap before
{Heap before GC invocations=60 (full 0):
 garbage-first heap   total 321536K, used 290796K [0x0000000080000000, 0x0000000100000000)
  region size 1024K, 105 young (107520K), 12 survivors (12288K)
 Metaspace       used 133333K, committed 135552K, reserved 1179648K
  class space    used 18628K, committed 19712K, reserved 1048576K
}
Event: 56.278 GC heap after
{Heap after GC invocations=61 (full 0):
 garbage-first heap   total 321536K, used 205312K [0x0000000080000000, 0x0000000100000000)
  region size 1024K, 10 young (10240K), 10 survivors (10240K)
 Metaspace       used 133333K, committed 135552K, reserved 1179648K
  class space    used 18628K, committed 19712K, reserved 1048576K
}
Event: 56.537 GC heap before
{Heap before GC invocations=61 (full 0):
 garbage-first heap   total 321536K, used 292352K [0x0000000080000000, 0x0000000100000000)
  region size 1024K, 96 young (98304K), 10 survivors (10240K)
 Metaspace       used 133359K, committed 135616K, reserved 1179648K
  class space    used 18629K, committed 19712K, reserved 1048576K
}

