# JRE version: OpenJDK Runtime Environment Temurin-21.0.6+7 (21.0.6+7) (build 21.0.6+7-LTS)
# Java VM: OpenJDK 64-Bit Server VM Temurin-21.0.6+7 (21.0.6+7-LTS, mixed mode, sharing, tiered, compressed oops, compressed class ptrs, g1 gc, windows-amd64)
GC Precious Log:
 CardTable entry size: 512
 Card Set container configuration: InlinePtr #cards 5 size 8 Array Of Cards #cards 12 size 40 Howl #buckets 4 coarsen threshold 1843 Howl Bitmap #cards 512 size 80 coarsen threshold 460 Card regions per heap region 1 cards per card region 2048
 CPUs: 8 total, 8 available
 Memory: 7876M
 Large Page Support: Disabled
 NUMA Support: Disabled
 Compressed Oops: Enabled (32-bit)
 Heap Region Size: 1M
 Heap Min Capacity: 8M
 Heap Initial Capacity: 124M
 Heap Max Capacity: 2G
 Pre-touch: Disabled
 Parallel Workers: 8
 Concurrent Workers: 2
 Concurrent Refinement Workers: 8
 Periodic GC: Disabled
Heap:
 garbage-first heap   total 165888K, used 119621K [0x0000000080000000, 0x0000000100000000)
  region size 1024K, 22 young (22528K), 7 survivors (7168K)
 Metaspace       used 95346K, committed 97472K, reserved 1179648K
  class space    used 13168K, committed 14208K, reserved 1048576K
GC Heap History (20 events):
Event: 51.059 GC heap before
{Heap before GC invocations=28 (full 0):
 garbage-first heap   total 128000K, used 116346K [0x0000000080000000, 0x0000000100000000)
  region size 1024K, 37 young (37888K), 4 survivors (4096K)
 Metaspace       used 70422K, committed 72320K, reserved 1114112K
  class space    used 9596K, committed 10560K, reserved 1048576K
}
Event: 51.069 GC heap after
{Heap after GC invocations=29 (full 0):
 garbage-first heap   total 128000K, used 83388K [0x0000000080000000, 0x0000000100000000)
  region size 1024K, 5 young (5120K), 5 survivors (5120K)
 Metaspace       used 70422K, committed 72320K, reserved 1114112K
  class space    used 9596K, committed 10560K, reserved 1048576K
}
Event: 52.529 GC heap before
{Heap before GC invocations=29 (full 0):
 garbage-first heap   total 128000K, used 114108K [0x0000000080000000, 0x0000000100000000)
  region size 1024K, 35 young (35840K), 5 survivors (5120K)
 Metaspace       used 72016K, committed 73920K, reserved 1114112K
  class space    used 9815K, committed 10752K, reserved 1048576K
}
Event: 52.538 GC heap after
{Heap after GC invocations=30 (full 0):
 garbage-first heap   total 128000K, used 86357K [0x0000000080000000, 0x0000000100000000)
  region size 1024K, 5 young (5120K), 5 survivors (5120K)
 Metaspace       used 72016K, committed 73920K, reserved 1114112K
  class space    used 9815K, committed 10752K, reserved 1048576K
}
Event: 53.080 GC heap before
{Heap before GC invocations=31 (full 0):
 garbage-first heap   total 145408K, used 114005K [0x0000000080000000, 0x0000000100000000)
  region size 1024K, 32 young (32768K), 5 survivors (5120K)
 Metaspace       used 72103K, committed 73984K, reserved 1114112K
  class space    used 9827K, committed 10752K, reserved 1048576K
}
Event: 53.090 GC heap after
{Heap after GC invocations=32 (full 0):
 garbage-first heap   total 145408K, used 88674K [0x0000000080000000, 0x0000000100000000)
  region size 1024K, 3 young (3072K), 3 survivors (3072K)
 Metaspace       used 72103K, committed 73984K, reserved 1114112K
  class space    used 9827K, committed 10752K, reserved 1048576K
}
Event: 55.505 GC heap before
{Heap before GC invocations=32 (full 0):
 garbage-first heap   total 145408K, used 132706K [0x0000000080000000, 0x0000000100000000)
  region size 1024K, 45 young (46080K), 3 survivors (3072K)
 Metaspace       used 75416K, committed 77376K, reserved 1179648K
  class space    used 10298K, committed 11264K, reserved 1048576K
}
Event: 55.511 GC heap after
{Heap after GC invocations=33 (full 0):
 garbage-first heap   total 145408K, used 89872K [0x0000000080000000, 0x0000000100000000)
  region size 1024K, 4 young (4096K), 4 survivors (4096K)
 Metaspace       used 75416K, committed 77376K, reserved 1179648K
  class space    used 10298K, committed 11264K, reserved 1048576K
}
Event: 58.664 GC heap before
{Heap before GC invocations=33 (full 0):
 garbage-first heap   total 145408K, used 132880K [0x0000000080000000, 0x0000000100000000)
  region size 1024K, 46 young (47104K), 4 survivors (4096K)
 Metaspace       used 78860K, committed 80768K, reserved 1179648K
  class space    used 10906K, committed 11840K, reserved 1048576K
}
Event: 58.669 GC heap after
{Heap after GC invocations=34 (full 0):
 garbage-first heap   total 145408K, used 91595K [0x0000000080000000, 0x0000000100000000)
  region size 1024K, 4 young (4096K), 4 survivors (4096K)
 Metaspace       used 78860K, committed 80768K, reserved 1179648K
  class space    used 10906K, committed 11840K, reserved 1048576K
}
Event: 63.862 GC heap before
{Heap before GC invocations=35 (full 0):
 garbage-first heap   total 155648K, used 129483K [0x0000000080000000, 0x0000000100000000)
  region size 1024K, 42 young (43008K), 4 survivors (4096K)
 Metaspace       used 81062K, committed 83072K, reserved 1179648K
  class space    used 11230K, committed 12224K, reserved 1048576K
}
Event: 63.869 GC heap after
{Heap after GC invocations=36 (full 0):
 garbage-first heap   total 155648K, used 95731K [0x0000000080000000, 0x0000000100000000)
  region size 1024K, 6 young (6144K), 6 survivors (6144K)
 Metaspace       used 81062K, committed 83072K, reserved 1179648K
  class space    used 11230K, committed 12224K, reserved 1048576K
}
Event: 65.350 GC heap before
{Heap before GC invocations=36 (full 0):
 garbage-first heap   total 155648K, used 139763K [0x0000000080000000, 0x0000000100000000)
  region size 1024K, 49 young (50176K), 6 survivors (6144K)
 Metaspace       used 84289K, committed 86336K, reserved 1179648K
  class space    used 11716K, committed 12736K, reserved 1048576K
}
Event: 65.358 GC heap after
{Heap after GC invocations=37 (full 0):
 garbage-first heap   total 155648K, used 96450K [0x0000000080000000, 0x0000000100000000)
  region size 1024K, 6 young (6144K), 6 survivors (6144K)
 Metaspace       used 84289K, committed 86336K, reserved 1179648K
  class space    used 11716K, committed 12736K, reserved 1048576K
}
Event: 68.405 GC heap before
{Heap before GC invocations=37 (full 0):
 garbage-first heap   total 155648K, used 139458K [0x0000000080000000, 0x0000000100000000)
  region size 1024K, 48 young (49152K), 6 survivors (6144K)
 Metaspace       used 88766K, committed 90880K, reserved 1179648K
  class space    used 12347K, committed 13376K, reserved 1048576K
}
Event: 68.414 GC heap after
{Heap after GC invocations=38 (full 0):
 garbage-first heap   total 155648K, used 98767K [0x0000000080000000, 0x0000000100000000)
  region size 1024K, 6 young (6144K), 6 survivors (6144K)
 Metaspace       used 88766K, committed 90880K, reserved 1179648K
  class space    used 12347K, committed 13376K, reserved 1048576K
}
Event: 80.711 GC heap before
{Heap before GC invocations=39 (full 0):
 garbage-first heap   total 165888K, used 138703K [0x0000000080000000, 0x0000000100000000)
  region size 1024K, 46 young (47104K), 6 survivors (6144K)
 Metaspace       used 91070K, committed 93248K, reserved 1179648K
  class space    used 12649K, committed 13696K, reserved 1048576K
}
Event: 80.769 GC heap after
{Heap after GC invocations=40 (full 0):
 garbage-first heap   total 165888K, used 102400K [0x0000000080000000, 0x0000000100000000)
  region size 1024K, 6 young (6144K), 6 survivors (6144K)
 Metaspace       used 91070K, committed 93248K, reserved 1179648K
  class space    used 12649K, committed 13696K, reserved 1048576K
}
Event: 84.940 GC heap before
{Heap before GC invocations=40 (full 0):
 garbage-first heap   total 165888K, used 150528K [0x0000000080000000, 0x0000000100000000)
  region size 1024K, 53 young (54272K), 6 survivors (6144K)
 Metaspace       used 94495K, committed 96576K, reserved 1179648K
  class space    used 13044K, committed 14080K, reserved 1048576K
}
Event: 84.957 GC heap after
{Heap after GC invocations=41 (full 0):
 garbage-first heap   total 165888K, used 105285K [0x0000000080000000, 0x0000000100000000)
  region size 1024K, 7 young (7168K), 7 survivors (7168K)
 Metaspace       used 94495K, committed 96576K, reserved 1179648K
  class space    used 13044K, committed 14080K, reserved 1048576K
}

